Using pre-set license
Built from '2020.3/staging' branch; Version is '2020.3.8f1 (507919d4fff5) revision 5273881'; Using compiler version '192528614'; Build Type 'Release'
OS: 'Windows 10 Home Single Language; OS build 19042.985; Version 2009; 64bit' Language: 'en' Physical Memory: 8099 MB
BatchMode: 1, IsHumanControllingUs: 0, StartBugReporterOnCrash: 0, Is64bit: 1, IsPro: 0

 COMMAND LINE ARGUMENTS:
C:\Program Files\Unity\Hub\Editor\2020.3.8f1\Editor\Unity.exe
-adb2
-batchMode
-noUpm
-name
AssetImportWorker0
-projectPath
C:/Users/ronak/New Unity Project (6)
-logFile
Logs/AssetImportWorker0.log
-srvPort
59991
Successfully changed project path to: C:/Users/ronak/New Unity Project (6)
C:/Users/ronak/New Unity Project (6)
Using Asset Import Pipeline V2.
Refreshing native plugins compatible for Editor in 36.32 ms, found 0 plugins.
Preloading 0 native plugins for Editor in 0.00 ms.
Initialize engine version: 2020.3.8f1 (507919d4fff5)
[Subsystems] Discovering subsystems at path C:/Program Files/Unity/Hub/Editor/2020.3.8f1/Editor/Data/Resources/UnitySubsystems
[Subsystems] Discovering subsystems at path C:/Users/ronak/New Unity Project (6)/Assets
GfxDevice: creating device client; threaded=0
Direct3D:
    Version:  Direct3D 11.0 [level 11.1]
    Renderer: NVIDIA GeForce GTX 1650 (ID=0x1f99)
    Vendor:   
    VRAM:     3962 MB
    Driver:   27.21.14.5256
Initialize mono
Mono path[0] = 'C:/Program Files/Unity/Hub/Editor/2020.3.8f1/Editor/Data/Managed'
Mono path[1] = 'C:/Program Files/Unity/Hub/Editor/2020.3.8f1/Editor/Data/MonoBleedingEdge/lib/mono/unityjit'
Mono config path = 'C:/Program Files/Unity/Hub/Editor/2020.3.8f1/Editor/Data/MonoBleedingEdge/etc'
Using monoOptions --debugger-agent=transport=dt_socket,embedding=1,server=y,suspend=n,address=127.0.0.1:56680
Begin MonoManager ReloadAssembly
Registering precompiled unity dll's ...
Register platform support module: C:/Program Files/Unity/Hub/Editor/2020.3.8f1/Editor/Data/PlaybackEngines/WebGLSupport/UnityEditor.WebGL.Extensions.dll
Register platform support module: C:/Program Files/Unity/Hub/Editor/2020.3.8f1/Editor/Data/PlaybackEngines/WindowsStandaloneSupport/UnityEditor.WindowsStandalone.Extensions.dll
Registered in 0.003411 seconds.
Native extension for WindowsStandalone target not found
Native extension for WebGL target not found
Refreshing native plugins compatible for Editor in 28.23 ms, found 0 plugins.
Preloading 0 native plugins for Editor in 0.00 ms.
Mono: successfully reloaded assembly
- Completed reload, in  1.673 seconds
Platform modules already initialized, skipping
Registering precompiled user dll's ...
Registered in 0.000790 seconds.
Begin MonoManager ReloadAssembly
Native extension for WindowsStandalone target not found
Native extension for WebGL target not found
Refreshing native plugins compatible for Editor in 0.25 ms, found 0 plugins.
Preloading 0 native plugins for Editor in 0.00 ms.
Mono: successfully reloaded assembly
- Completed reload, in  0.800 seconds
Platform modules already initialized, skipping
========================================================================
Worker process is ready to serve import requests
Launched and connected shader compiler UnityShaderCompiler.exe after 0.04 seconds
Refreshing native plugins compatible for Editor in 0.32 ms, found 0 plugins.
Preloading 0 native plugins for Editor in 0.00 ms.
Unloading 1394 Unused Serialized files (Serialized files now loaded: 0)
System memory in use before: 145.8 MB.
System memory in use after: 145.8 MB.

Unloading 11 unused Assets to reduce memory usage. Loaded Objects now: 1844.
Total: 2.284200 ms (FindLiveObjects: 0.232900 ms CreateObjectMapping: 0.055300 ms MarkObjects: 1.896500 ms  DeleteObjects: 0.097900 ms)

========================================================================
Received Import Request.
  path: Assets/Scripts/scorecheck.cs
  artifactKey: Guid(96612111f99e7964b9d9ee9b8e204cc1) Importer(815301076,1909f56bfc062723c751e8b465ee728b)
Start importing Assets/Scripts/scorecheck.cs using Guid(96612111f99e7964b9d9ee9b8e204cc1) Importer(815301076,1909f56bfc062723c751e8b465ee728b)  -> (artifact id: 'ee76329ce9ca6969d6f72a59b129537c') in 0.046176 seconds
  Import took 0.049956 seconds .

========================================================================
Received Prepare
Refreshing native plugins compatible for Editor in 2.68 ms, found 0 plugins.
Preloading 0 native plugins for Editor in 0.00 ms.
Unloading 3 Unused Serialized files (Serialized files now loaded: 0)
System memory in use before: 115.5 MB.
System memory in use after: 115.6 MB.

Unloading 3 unused Assets to reduce memory usage. Loaded Objects now: 1844.
Total: 4.543400 ms (FindLiveObjects: 0.401700 ms CreateObjectMapping: 0.150800 ms MarkObjects: 3.815900 ms  DeleteObjects: 0.171800 ms)

========================================================================
Received Prepare
Registering precompiled user dll's ...
Registered in 0.000840 seconds.
Begin MonoManager ReloadAssembly
Native extension for WindowsStandalone target not found
Native extension for WebGL target not found
Refreshing native plugins compatible for Editor in 0.26 ms, found 0 plugins.
Preloading 0 native plugins for Editor in 0.00 ms.
Mono: successfully reloaded assembly
- Completed reload, in  0.992 seconds
Platform modules already initialized, skipping
Refreshing native plugins compatible for Editor in 0.67 ms, found 0 plugins.
Preloading 0 native plugins for Editor in 0.00 ms.
Unloading 1357 Unused Serialized files (Serialized files now loaded: 0)
System memory in use before: 142.7 MB.
System memory in use after: 142.7 MB.

Unloading 6 unused Assets to reduce memory usage. Loaded Objects now: 1847.
Total: 4.422000 ms (FindLiveObjects: 0.381400 ms CreateObjectMapping: 0.127400 ms MarkObjects: 3.728200 ms  DeleteObjects: 0.182400 ms)

========================================================================
Received Import Request.
  Time since last request: 531.252235 seconds.
  path: Assets/Prefabs/PointOfView.prefab
  artifactKey: Guid(c1d0aa8e1a09eb947a6c3eb18f532a40) Importer(815301076,1909f56bfc062723c751e8b465ee728b)
Start importing Assets/Prefabs/PointOfView.prefab using Guid(c1d0aa8e1a09eb947a6c3eb18f532a40) Importer(815301076,1909f56bfc062723c751e8b465ee728b)  -> (artifact id: '5abb74dc91ae22ab7150ab39224c8c9b') in 0.046558 seconds
  Import took 0.049644 seconds .

========================================================================
Received Import Request.
  Time since last request: 146.737944 seconds.
  path: Assets/Prefabs/Ghost.prefab
  artifactKey: Guid(042b781cae5f8fb4b865fde972c4eb70) Importer(815301076,1909f56bfc062723c751e8b465ee728b)
Start importing Assets/Prefabs/Ghost.prefab using Guid(042b781cae5f8fb4b865fde972c4eb70) Importer(815301076,1909f56bfc062723c751e8b465ee728b)  -> (artifact id: '15379be13381023a4e6bbd236d5ce867') in 0.190565 seconds
  Import took 0.197580 seconds .

========================================================================
Received Prepare
Registering precompiled user dll's ...
Registered in 0.000782 seconds.
Begin MonoManager ReloadAssembly
Native extension for WindowsStandalone target not found
Native extension for WebGL target not found
Refreshing native plugins compatible for Editor in 0.24 ms, found 0 plugins.
Preloading 0 native plugins for Editor in 0.00 ms.
Mono: successfully reloaded assembly
- Completed reload, in  0.720 seconds
Platform modules already initialized, skipping
Refreshing native plugins compatible for Editor in 0.26 ms, found 0 plugins.
Preloading 0 native plugins for Editor in 0.00 ms.
Unloading 1357 Unused Serialized files (Serialized files now loaded: 0)
System memory in use before: 145.8 MB.
System memory in use after: 145.9 MB.

Unloading 6 unused Assets to reduce memory usage. Loaded Objects now: 1857.
Total: 1.669100 ms (FindLiveObjects: 0.136800 ms CreateObjectMapping: 0.034200 ms MarkObjects: 1.442500 ms  DeleteObjects: 0.054800 ms)

========================================================================
Received Prepare
Registering precompiled user dll's ...
Registered in 0.002179 seconds.
Begin MonoManager ReloadAssembly
Native extension for WindowsStandalone target not found
Native extension for WebGL target not found
Refreshing native plugins compatible for Editor in 0.27 ms, found 0 plugins.
Preloading 0 native plugins for Editor in 0.00 ms.
Mono: successfully reloaded assembly
- Completed reload, in  0.993 seconds
Platform modules already initialized, skipping
Refreshing native plugins compatible for Editor in 0.28 ms, found 0 plugins.
Preloading 0 native plugins for Editor in 0.00 ms.
Unloading 1357 Unused Serialized files (Serialized files now loaded: 0)
System memory in use before: 145.8 MB.
System memory in use after: 145.9 MB.

Unloading 6 unused Assets to reduce memory usage. Loaded Objects now: 1860.
Total: 1.698200 ms (FindLiveObjects: 0.151600 ms CreateObjectMapping: 0.041200 ms MarkObjects: 1.442900 ms  DeleteObjects: 0.061500 ms)

========================================================================
Received Prepare
Registering precompiled user dll's ...
Registered in 0.000978 seconds.
Begin MonoManager ReloadAssembly
Native extension for WindowsStandalone target not found
Native extension for WebGL target not found
Refreshing native plugins compatible for Editor in 0.42 ms, found 0 plugins.
Preloading 0 native plugins for Editor in 0.00 ms.
Mono: successfully reloaded assembly
- Completed reload, in  1.359 seconds
Platform modules already initialized, skipping
Refreshing native plugins compatible for Editor in 0.36 ms, found 0 plugins.
Preloading 0 native plugins for Editor in 0.00 ms.
Unloading 1357 Unused Serialized files (Serialized files now loaded: 0)
System memory in use before: 145.8 MB.
System memory in use after: 145.9 MB.

Unloading 6 unused Assets to reduce memory usage. Loaded Objects now: 1863.
Total: 2.107400 ms (FindLiveObjects: 0.170600 ms CreateObjectMapping: 0.049600 ms MarkObjects: 1.817000 ms  DeleteObjects: 0.069000 ms)

========================================================================
Received Import Request.
  Time since last request: 970.456809 seconds.
  path: Assets/Prefabs/JohnLemon.prefab
  artifactKey: Guid(168bf7d04f6eaec48961492961b78242) Importer(815301076,1909f56bfc062723c751e8b465ee728b)
Start importing Assets/Prefabs/JohnLemon.prefab using Guid(168bf7d04f6eaec48961492961b78242) Importer(815301076,1909f56bfc062723c751e8b465ee728b)  -> (artifact id: '2522f852f1966d5e4007d0a1e69453e9') in 0.182891 seconds
  Import took 0.186658 seconds .

========================================================================
Received Prepare
Registering precompiled user dll's ...
Registered in 0.000827 seconds.
Begin MonoManager ReloadAssembly
Native extension for WindowsStandalone target not found
Native extension for WebGL target not found
Refreshing native plugins compatible for Editor in 0.42 ms, found 0 plugins.
Preloading 0 native plugins for Editor in 0.00 ms.
Mono: successfully reloaded assembly
- Completed reload, in  0.972 seconds
Platform modules already initialized, skipping
Refreshing native plugins compatible for Editor in 0.27 ms, found 0 plugins.
Preloading 0 native plugins for Editor in 0.00 ms.
Unloading 1357 Unused Serialized files (Serialized files now loaded: 0)
System memory in use before: 145.9 MB.
System memory in use after: 145.9 MB.

Unloading 6 unused Assets to reduce memory usage. Loaded Objects now: 1867.
Total: 1.678000 ms (FindLiveObjects: 0.141900 ms CreateObjectMapping: 0.035700 ms MarkObjects: 1.437800 ms  DeleteObjects: 0.061900 ms)

========================================================================
Received Prepare
Registering precompiled user dll's ...
Registered in 0.000817 seconds.
Begin MonoManager ReloadAssembly
Native extension for WindowsStandalone target not found
Native extension for WebGL target not found
Refreshing native plugins compatible for Editor in 0.24 ms, found 0 plugins.
Preloading 0 native plugins for Editor in 0.00 ms.
Mono: successfully reloaded assembly
- Completed reload, in  0.661 seconds
Platform modules already initialized, skipping
Refreshing native plugins compatible for Editor in 0.30 ms, found 0 plugins.
Preloading 0 native plugins for Editor in 0.00 ms.
Unloading 1357 Unused Serialized files (Serialized files now loaded: 0)
System memory in use before: 145.9 MB.
System memory in use after: 146.0 MB.

Unloading 6 unused Assets to reduce memory usage. Loaded Objects now: 1870.
Total: 1.452300 ms (FindLiveObjects: 0.139200 ms CreateObjectMapping: 0.041500 ms MarkObjects: 1.209200 ms  DeleteObjects: 0.061600 ms)

========================================================================
Received Import Request.
  Time since last request: 1907.918785 seconds.
  path: Assets/Prefabs
  artifactKey: Guid(9b0f9186b9caf554f82133b3d58436ef) Importer(815301076,1909f56bfc062723c751e8b465ee728b)
Start importing Assets/Prefabs using Guid(9b0f9186b9caf554f82133b3d58436ef) Importer(815301076,1909f56bfc062723c751e8b465ee728b)  -> (artifact id: 'e291dee1af015c6eab75952fcc1da99c') in 0.012105 seconds
  Import took 0.015290 seconds .

========================================================================
Received Import Request.
  Time since last request: 10.209753 seconds.
  path: Assets/Prefabs/minimap.renderTexture
  artifactKey: Guid(9ca2b7b72747b034381cd46870c1546a) Importer(815301076,1909f56bfc062723c751e8b465ee728b)
Start importing Assets/Prefabs/minimap.renderTexture using Guid(9ca2b7b72747b034381cd46870c1546a) Importer(815301076,1909f56bfc062723c751e8b465ee728b)  -> (artifact id: 'bf5cffdd94a370b3cc4d401db4e670ba') in 0.116998 seconds
  Import took 0.119833 seconds .

========================================================================
Received Prepare
Registering precompiled user dll's ...
Registered in 0.000789 seconds.
Begin MonoManager ReloadAssembly
Native extension for WindowsStandalone target not found
Native extension for WebGL target not found
Refreshing native plugins compatible for Editor in 0.24 ms, found 0 plugins.
Preloading 0 native plugins for Editor in 0.00 ms.
Mono: successfully reloaded assembly
- Completed reload, in  0.662 seconds
Platform modules already initialized, skipping
Refreshing native plugins compatible for Editor in 0.25 ms, found 0 plugins.
Preloading 0 native plugins for Editor in 0.00 ms.
Unloading 1357 Unused Serialized files (Serialized files now loaded: 0)
System memory in use before: 145.9 MB.
System memory in use after: 146.0 MB.

Unloading 6 unused Assets to reduce memory usage. Loaded Objects now: 1877.
Total: 1.605000 ms (FindLiveObjects: 0.223100 ms CreateObjectMapping: 0.048700 ms MarkObjects: 1.259100 ms  DeleteObjects: 0.072900 ms)

========================================================================
Received Prepare
Registering precompiled user dll's ...
Registered in 0.000759 seconds.
Begin MonoManager ReloadAssembly
Native extension for WindowsStandalone target not found
Native extension for WebGL target not found
Refreshing native plugins compatible for Editor in 0.25 ms, found 0 plugins.
Preloading 0 native plugins for Editor in 0.00 ms.
Mono: successfully reloaded assembly
- Completed reload, in  0.692 seconds
Platform modules already initialized, skipping
Refreshing native plugins compatible for Editor in 0.25 ms, found 0 plugins.
Preloading 0 native plugins for Editor in 0.00 ms.
Unloading 1358 Unused Serialized files (Serialized files now loaded: 0)
System memory in use before: 146.0 MB.
System memory in use after: 146.0 MB.

Unloading 6 unused Assets to reduce memory usage. Loaded Objects now: 1881.
Total: 1.408800 ms (FindLiveObjects: 0.132800 ms CreateObjectMapping: 0.043700 ms MarkObjects: 1.173900 ms  DeleteObjects: 0.057800 ms)

========================================================================
Received Import Request.
  Time since last request: 819.158883 seconds.
  path: Assets/minimap.cs
  artifactKey: Guid(e6218255c239a644f85e158cdb02d6ac) Importer(815301076,1909f56bfc062723c751e8b465ee728b)
Start importing Assets/minimap.cs using Guid(e6218255c239a644f85e158cdb02d6ac) Importer(815301076,1909f56bfc062723c751e8b465ee728b)  -> (artifact id: '97a999decd116b5911d7ce5332a9bca7') in 0.009000 seconds
  Import took 0.012556 seconds .

========================================================================
Received Import Request.
  Time since last request: 0.001808 seconds.
  path: Assets/minimap.cs
  artifactKey: Guid(e6218255c239a644f85e158cdb02d6ac) Importer(815301076,1909f56bfc062723c751e8b465ee728b)
Start importing Assets/minimap.cs using Guid(e6218255c239a644f85e158cdb02d6ac) Importer(815301076,1909f56bfc062723c751e8b465ee728b)  -> (artifact id: '97a999decd116b5911d7ce5332a9bca7') in 0.002647 seconds
  Import took 0.005421 seconds .

========================================================================
Received Prepare
Registering precompiled user dll's ...
Registered in 0.000847 seconds.
Begin MonoManager ReloadAssembly
Native extension for WindowsStandalone target not found
Native extension for WebGL target not found
Refreshing native plugins compatible for Editor in 0.25 ms, found 0 plugins.
Preloading 0 native plugins for Editor in 0.00 ms.
Mono: successfully reloaded assembly
- Completed reload, in  0.649 seconds
Platform modules already initialized, skipping
Refreshing native plugins compatible for Editor in 0.25 ms, found 0 plugins.
Preloading 0 native plugins for Editor in 0.00 ms.
Unloading 1357 Unused Serialized files (Serialized files now loaded: 0)
System memory in use before: 145.9 MB.
System memory in use after: 146.0 MB.

Unloading 7 unused Assets to reduce memory usage. Loaded Objects now: 1883.
Total: 1.403400 ms (FindLiveObjects: 0.131200 ms CreateObjectMapping: 0.043800 ms MarkObjects: 1.150500 ms  DeleteObjects: 0.077300 ms)

========================================================================
Received Prepare
Registering precompiled user dll's ...
Registered in 0.000785 seconds.
Begin MonoManager ReloadAssembly
Native extension for WindowsStandalone target not found
Native extension for WebGL target not found
Refreshing native plugins compatible for Editor in 0.27 ms, found 0 plugins.
Preloading 0 native plugins for Editor in 0.00 ms.
Mono: successfully reloaded assembly
- Completed reload, in  0.655 seconds
Platform modules already initialized, skipping
Refreshing native plugins compatible for Editor in 0.27 ms, found 0 plugins.
Preloading 0 native plugins for Editor in 0.00 ms.
Unloading 1357 Unused Serialized files (Serialized files now loaded: 0)
System memory in use before: 145.9 MB.
System memory in use after: 146.0 MB.

Unloading 6 unused Assets to reduce memory usage. Loaded Objects now: 1886.
Total: 1.404300 ms (FindLiveObjects: 0.141700 ms CreateObjectMapping: 0.044100 ms MarkObjects: 1.157600 ms  DeleteObjects: 0.060200 ms)

========================================================================
Received Prepare
Registering precompiled user dll's ...
Registered in 0.001093 seconds.
Begin MonoManager ReloadAssembly
Native extension for WindowsStandalone target not found
Native extension for WebGL target not found
Refreshing native plugins compatible for Editor in 0.24 ms, found 0 plugins.
Preloading 0 native plugins for Editor in 0.00 ms.
Mono: successfully reloaded assembly
- Completed reload, in  0.649 seconds
Platform modules already initialized, skipping
Refreshing native plugins compatible for Editor in 0.25 ms, found 0 plugins.
Preloading 0 native plugins for Editor in 0.00 ms.
Unloading 1358 Unused Serialized files (Serialized files now loaded: 0)
System memory in use before: 146.0 MB.
System memory in use after: 146.0 MB.

Unloading 6 unused Assets to reduce memory usage. Loaded Objects now: 1890.
Total: 1.430300 ms (FindLiveObjects: 0.149000 ms CreateObjectMapping: 0.046100 ms MarkObjects: 1.175100 ms  DeleteObjects: 0.059400 ms)

========================================================================
Received Import Request.
  Time since last request: 337.351228 seconds.
  path: Assets/minimap2.cs
  artifactKey: Guid(b38ed8240bb32ac4ea0148974144ab4c) Importer(815301076,1909f56bfc062723c751e8b465ee728b)
Start importing Assets/minimap2.cs using Guid(b38ed8240bb32ac4ea0148974144ab4c) Importer(815301076,1909f56bfc062723c751e8b465ee728b)  -> (artifact id: '01aa49c298779a2fed64d43b72979017') in 0.021021 seconds
  Import took 0.024266 seconds .

========================================================================
Received Prepare
Registering precompiled user dll's ...
Registered in 0.000843 seconds.
Begin MonoManager ReloadAssembly
Native extension for WindowsStandalone target not found
Native extension for WebGL target not found
Refreshing native plugins compatible for Editor in 0.24 ms, found 0 plugins.
Preloading 0 native plugins for Editor in 0.00 ms.
Mono: successfully reloaded assembly
- Completed reload, in  0.668 seconds
Platform modules already initialized, skipping
Refreshing native plugins compatible for Editor in 0.31 ms, found 0 plugins.
Preloading 0 native plugins for Editor in 0.00 ms.
Unloading 1357 Unused Serialized files (Serialized files now loaded: 0)
System memory in use before: 146.0 MB.
System memory in use after: 146.0 MB.

Unloading 7 unused Assets to reduce memory usage. Loaded Objects now: 1892.
Total: 1.478800 ms (FindLiveObjects: 0.134200 ms CreateObjectMapping: 0.050100 ms MarkObjects: 1.231800 ms  DeleteObjects: 0.062100 ms)

========================================================================
Received Prepare
Registering precompiled user dll's ...
Registered in 0.000792 seconds.
Begin MonoManager ReloadAssembly
Native extension for WindowsStandalone target not found
Native extension for WebGL target not found
Refreshing native plugins compatible for Editor in 0.24 ms, found 0 plugins.
Preloading 0 native plugins for Editor in 0.00 ms.
Mono: successfully reloaded assembly
- Completed reload, in  0.648 seconds
Platform modules already initialized, skipping
Refreshing native plugins compatible for Editor in 0.24 ms, found 0 plugins.
Preloading 0 native plugins for Editor in 0.00 ms.
Unloading 1357 Unused Serialized files (Serialized files now loaded: 0)
System memory in use before: 146.0 MB.
System memory in use after: 146.0 MB.

Unloading 6 unused Assets to reduce memory usage. Loaded Objects now: 1895.
Total: 1.516400 ms (FindLiveObjects: 0.141300 ms CreateObjectMapping: 0.043000 ms MarkObjects: 1.274900 ms  DeleteObjects: 0.056700 ms)

========================================================================
Received Import Request.
  Time since last request: 252.802859 seconds.
  path: Assets/Textures/BathRoom/Bathtub_Albedo.tif
  artifactKey: Guid(1e33795d9bd064b43bde9b8d2040802f) Importer(815301076,1909f56bfc062723c751e8b465ee728b)
Start importing Assets/Textures/BathRoom/Bathtub_Albedo.tif using Guid(1e33795d9bd064b43bde9b8d2040802f) Importer(815301076,1909f56bfc062723c751e8b465ee728b)  -> (artifact id: '43ccf4b996857be523f9c4747b96f04d') in 0.100790 seconds
  Import took 0.104016 seconds .

========================================================================
Received Import Request.
  Time since last request: 0.000294 seconds.
  path: Assets/Textures/BathRoom/BathtubLeg_Occlusion.tif
  artifactKey: Guid(31a2f2c86823ffa4eb5240e4fec6b4ea) Importer(815301076,1909f56bfc062723c751e8b465ee728b)
Start importing Assets/Textures/BathRoom/BathtubLeg_Occlusion.tif using Guid(31a2f2c86823ffa4eb5240e4fec6b4ea) Importer(815301076,1909f56bfc062723c751e8b465ee728b)  -> (artifact id: 'fa4549ed817b1ca3d7fe48e265b85523') in 0.016790 seconds
  Import took 0.019077 seconds .

========================================================================
Received Import Request.
  Time since last request: 0.000204 seconds.
  path: Assets/Textures/BathRoom/BathtubLeg_Normal.tif
  artifactKey: Guid(dd1469f195c1e5b478a8dc9f78cbd78e) Importer(815301076,1909f56bfc062723c751e8b465ee728b)
Start importing Assets/Textures/BathRoom/BathtubLeg_Normal.tif using Guid(dd1469f195c1e5b478a8dc9f78cbd78e) Importer(815301076,1909f56bfc062723c751e8b465ee728b)  -> (artifact id: '00ed022bad9776eec44a25b093a4f846') in 0.037975 seconds
  Import took 0.040905 seconds .

========================================================================
Received Import Request.
  Time since last request: 0.000203 seconds.
  path: Assets/Textures/BedRoom/Bed_Albedo.tif
  artifactKey: Guid(29ce91977ba80d54ba227ab8593a8156) Importer(815301076,1909f56bfc062723c751e8b465ee728b)
Start importing Assets/Textures/BedRoom/Bed_Albedo.tif using Guid(29ce91977ba80d54ba227ab8593a8156) Importer(815301076,1909f56bfc062723c751e8b465ee728b)  -> (artifact id: 'e5ffd811cde71d021827d3a1b27fecf9') in 0.017113 seconds
  Import took 0.020291 seconds .

========================================================================
Received Import Request.
  Time since last request: 0.000224 seconds.
  path: Assets/Textures/BedRoom/Bed_MetallicSmooth.tif
  artifactKey: Guid(e142a5b58f3559844b4be8596b56c53c) Importer(815301076,1909f56bfc062723c751e8b465ee728b)
Start importing Assets/Textures/BedRoom/Bed_MetallicSmooth.tif using Guid(e142a5b58f3559844b4be8596b56c53c) Importer(815301076,1909f56bfc062723c751e8b465ee728b)  -> (artifact id: '6a889c004715f8c7b249087f0b927580') in 0.016575 seconds
  Import took 0.019339 seconds .

========================================================================
Received Import Request.
  Time since last request: 0.000215 seconds.
  path: Assets/Textures/BathRoom/Bathtub_Occlusion.tif
  artifactKey: Guid(a3b38686a7c75a54fa3dab70b08d6310) Importer(815301076,1909f56bfc062723c751e8b465ee728b)
Start importing Assets/Textures/BathRoom/Bathtub_Occlusion.tif using Guid(a3b38686a7c75a54fa3dab70b08d6310) Importer(815301076,1909f56bfc062723c751e8b465ee728b)  -> (artifact id: 'a41761e19da6e235096115d5d65410d9') in 0.020248 seconds
  Import took 0.022867 seconds .

========================================================================
Received Import Request.
  Time since last request: 0.000218 seconds.
  path: Assets/Textures/BathRoom/BathtubLeg_MetallicSmooth.tif
  artifactKey: Guid(035b28d384a3fe44c96407179c34f574) Importer(815301076,1909f56bfc062723c751e8b465ee728b)
Start importing Assets/Textures/BathRoom/BathtubLeg_MetallicSmooth.tif using Guid(035b28d384a3fe44c96407179c34f574) Importer(815301076,1909f56bfc062723c751e8b465ee728b)  -> (artifact id: '65d88c1aef88c32ba9824d000dd612a3') in 0.023745 seconds
  Import took 0.026393 seconds .

========================================================================
Received Import Request.
  Time since last request: 0.000221 seconds.
  path: Assets/Textures/BathRoom/Bathtub_Normal.tif
  artifactKey: Guid(77ca587615e748e44848958159bf200d) Importer(815301076,1909f56bfc062723c751e8b465ee728b)
Start importing Assets/Textures/BathRoom/Bathtub_Normal.tif using Guid(77ca587615e748e44848958159bf200d) Importer(815301076,1909f56bfc062723c751e8b465ee728b)  -> (artifact id: '2bac0faaae137767736b4cbaab48e476') in 0.031689 seconds
  Import took 0.034167 seconds .

========================================================================
Received Import Request.
  Time since last request: 0.000259 seconds.
  path: Assets/Textures/BathRoom/BathtubLeg_Albedo.tif
  artifactKey: Guid(8b0c12b29315a7d4dbe2e5aeb92f67ca) Importer(815301076,1909f56bfc062723c751e8b465ee728b)
Start importing Assets/Textures/BathRoom/BathtubLeg_Albedo.tif using Guid(8b0c12b29315a7d4dbe2e5aeb92f67ca) Importer(815301076,1909f56bfc062723c751e8b465ee728b)  -> (artifact id: '70b30229b931f0f728fc4e3266c74ff4') in 0.014713 seconds
  Import took 0.017347 seconds .

========================================================================
Received Import Request.
  Time since last request: 0.000222 seconds.
  path: Assets/Textures/BathRoom/Bathtub_MetallicSmooth.tif
  artifactKey: Guid(d4766011bebe0f94f8852e78e1f2fadf) Importer(815301076,1909f56bfc062723c751e8b465ee728b)
Start importing Assets/Textures/BathRoom/Bathtub_MetallicSmooth.tif using Guid(d4766011bebe0f94f8852e78e1f2fadf) Importer(815301076,1909f56bfc062723c751e8b465ee728b)  -> (artifact id: '5faa7290a725bed2994481d5d62f519c') in 0.013312 seconds
  Import took 0.016140 seconds .

========================================================================
Received Import Request.
  Time since last request: 2.011694 seconds.
  path: Assets/Textures/BedRoom/Bed_Normal.tif
  artifactKey: Guid(6e2078e311db62b4fbe281f7e5ef27da) Importer(815301076,1909f56bfc062723c751e8b465ee728b)
Start importing Assets/Textures/BedRoom/Bed_Normal.tif using Guid(6e2078e311db62b4fbe281f7e5ef27da) Importer(815301076,1909f56bfc062723c751e8b465ee728b)  -> (artifact id: 'dcd296372f7e4e2726f188f01af3220a') in 0.025454 seconds
  Import took 0.028883 seconds .

========================================================================
Received Import Request.
  Time since last request: 0.000285 seconds.
  path: Assets/Textures/BedRoom/Bed_Occlusion.tif
  artifactKey: Guid(060bae91606084849a8ee3fdc288af12) Importer(815301076,1909f56bfc062723c751e8b465ee728b)
Start importing Assets/Textures/BedRoom/Bed_Occlusion.tif using Guid(060bae91606084849a8ee3fdc288af12) Importer(815301076,1909f56bfc062723c751e8b465ee728b)  -> (artifact id: 'ae3ef6a577582fd88cf494dfc40fb557') in 0.015641 seconds
  Import took 0.018715 seconds .

========================================================================
Received Import Request.
  Time since last request: 0.000225 seconds.
  path: Assets/Textures/BedRoom/Bed_Normal.tif
  artifactKey: Guid(6e2078e311db62b4fbe281f7e5ef27da) Importer(815301076,1909f56bfc062723c751e8b465ee728b)
Start importing Assets/Textures/BedRoom/Bed_Normal.tif using Guid(6e2078e311db62b4fbe281f7e5ef27da) Importer(815301076,1909f56bfc062723c751e8b465ee728b)  -> (artifact id: 'dcd296372f7e4e2726f188f01af3220a') in 0.011725 seconds
  Import took 0.014134 seconds .

========================================================================
Received Import Request.
  Time since last request: 0.065934 seconds.
  path: Assets/Textures/BedRoom/BedSide_Albedo.tif
  artifactKey: Guid(b4d856ea788f6514cb8dc3c068fb48a9) Importer(815301076,1909f56bfc062723c751e8b465ee728b)
Start importing Assets/Textures/BedRoom/BedSide_Albedo.tif using Guid(b4d856ea788f6514cb8dc3c068fb48a9) Importer(815301076,1909f56bfc062723c751e8b465ee728b)  -> (artifact id: '19dca172adbbb1ace5fcb6a686ef7802') in 0.011229 seconds
  Import took 0.013944 seconds .

========================================================================
Received Import Request.
  Time since last request: 0.000186 seconds.
  path: Assets/Textures/BedRoom/BedSide_Metalness.tif
  artifactKey: Guid(123a200c482c794458cb562b92aee752) Importer(815301076,1909f56bfc062723c751e8b465ee728b)
Start importing Assets/Textures/BedRoom/BedSide_Metalness.tif using Guid(123a200c482c794458cb562b92aee752) Importer(815301076,1909f56bfc062723c751e8b465ee728b)  -> (artifact id: 'f53e96742db4f896ab01cfb01b7e8688') in 0.013612 seconds
  Import took 0.016100 seconds .

========================================================================
Received Import Request.
  Time since last request: 0.324068 seconds.
  path: Assets/Textures/BedRoom/BedSide_Normal.tif
  artifactKey: Guid(828152cbfdbb1bb4f8f562b6302f3f25) Importer(815301076,1909f56bfc062723c751e8b465ee728b)
Start importing Assets/Textures/BedRoom/BedSide_Normal.tif using Guid(828152cbfdbb1bb4f8f562b6302f3f25) Importer(815301076,1909f56bfc062723c751e8b465ee728b)  -> (artifact id: 'e3c0c1cfcbedfd096ac40d40a74fe958') in 0.022149 seconds
  Import took 0.024656 seconds .

========================================================================
Received Import Request.
  Time since last request: 0.000215 seconds.
  path: Assets/Textures/BedRoom/BedSide_Occlusion.tif
  artifactKey: Guid(6fece7bb55bcfd54c9ea204b2b93753a) Importer(815301076,1909f56bfc062723c751e8b465ee728b)
Start importing Assets/Textures/BedRoom/BedSide_Occlusion.tif using Guid(6fece7bb55bcfd54c9ea204b2b93753a) Importer(815301076,1909f56bfc062723c751e8b465ee728b)  -> (artifact id: '2078e7dbaa4578506c40810da82f6048') in 0.012669 seconds
  Import took 0.015429 seconds .

========================================================================
Received Import Request.
  Time since last request: 0.361430 seconds.
  path: Assets/Textures/VFX/CandleFlame.tif
  artifactKey: Guid(e966fe96fc4c60f4fa9eff9e6d32ba67) Importer(815301076,1909f56bfc062723c751e8b465ee728b)
Start importing Assets/Textures/VFX/CandleFlame.tif using Guid(e966fe96fc4c60f4fa9eff9e6d32ba67) Importer(815301076,1909f56bfc062723c751e8b465ee728b)  -> (artifact id: '14c135c37bca6459822c948f7bf5cbb0') in 0.018078 seconds
  Import took 0.021232 seconds .

========================================================================
Received Import Request.
  Time since last request: 0.000197 seconds.
  path: Assets/Textures/DiningRoom/CandleStick_Normal.tif
  artifactKey: Guid(45ab703b0a5a43c4698f496148039fab) Importer(815301076,1909f56bfc062723c751e8b465ee728b)
Start importing Assets/Textures/DiningRoom/CandleStick_Normal.tif using Guid(45ab703b0a5a43c4698f496148039fab) Importer(815301076,1909f56bfc062723c751e8b465ee728b)  -> (artifact id: 'e098e74a74a6e03fe8e633176eff8f0d') in 0.015202 seconds
  Import took 0.017868 seconds .

========================================================================
Received Import Request.
  Time since last request: 0.000192 seconds.
  path: Assets/Textures/DiningRoom/CandleStick_Occlusion.tif
  artifactKey: Guid(07355442582b14b44b9a74e5e67bbec6) Importer(815301076,1909f56bfc062723c751e8b465ee728b)
Start importing Assets/Textures/DiningRoom/CandleStick_Occlusion.tif using Guid(07355442582b14b44b9a74e5e67bbec6) Importer(815301076,1909f56bfc062723c751e8b465ee728b)  -> (artifact id: '59aa3db85cbc482c7f29c58a78b6d720') in 0.020483 seconds
  Import took 0.023381 seconds .

========================================================================
Received Import Request.
  Time since last request: 0.000281 seconds.
  path: Assets/Textures/DiningRoom/CandleStick_MetallicSmooth.tif
  artifactKey: Guid(772872ff7081e284fa81ffd5909bf963) Importer(815301076,1909f56bfc062723c751e8b465ee728b)
Start importing Assets/Textures/DiningRoom/CandleStick_MetallicSmooth.tif using Guid(772872ff7081e284fa81ffd5909bf963) Importer(815301076,1909f56bfc062723c751e8b465ee728b)  -> (artifact id: 'e3593114f4f0fd57b157105f2df80f36') in 0.022113 seconds
  Import took 0.024466 seconds .

========================================================================
Received Import Request.
  Time since last request: 0.000273 seconds.
  path: Assets/Textures/DiningRoom/Chair_MetallicSmooth.tif
  artifactKey: Guid(1b213521cd84364439c5fb030fd7aa04) Importer(815301076,1909f56bfc062723c751e8b465ee728b)
Start importing Assets/Textures/DiningRoom/Chair_MetallicSmooth.tif using Guid(1b213521cd84364439c5fb030fd7aa04) Importer(815301076,1909f56bfc062723c751e8b465ee728b)  -> (artifact id: '2668eef4e483de75797c34511953f206') in 0.016352 seconds
  Import took 0.018832 seconds .

========================================================================
Received Import Request.
  Time since last request: 0.000214 seconds.
  path: Assets/Textures/DiningRoom/CandleStick_Albedo.tif
  artifactKey: Guid(5cd10124400cb26478cd41db912ce90f) Importer(815301076,1909f56bfc062723c751e8b465ee728b)
Start importing Assets/Textures/DiningRoom/CandleStick_Albedo.tif using Guid(5cd10124400cb26478cd41db912ce90f) Importer(815301076,1909f56bfc062723c751e8b465ee728b)  -> (artifact id: '5654125f4d4fd9f5c34ce0623efca88f') in 0.012809 seconds
  Import took 0.015659 seconds .

========================================================================
Received Import Request.
  Time since last request: 0.000203 seconds.
  path: Assets/Textures/DiningRoom/Chair_Albedo.tif
  artifactKey: Guid(0508e5cdb1034b64eaf24691319937c3) Importer(815301076,1909f56bfc062723c751e8b465ee728b)
Start importing Assets/Textures/DiningRoom/Chair_Albedo.tif using Guid(0508e5cdb1034b64eaf24691319937c3) Importer(815301076,1909f56bfc062723c751e8b465ee728b)  -> (artifact id: '2755ff39fa7002aff88a4f76ac856d52') in 0.020491 seconds
  Import took 0.023085 seconds .

========================================================================
Received Import Request.
  Time since last request: 0.679873 seconds.
  path: Assets/Textures/DiningRoom/Chair_Normals.tif
  artifactKey: Guid(610c98ad363f4f94da068b2f4f743cb2) Importer(815301076,1909f56bfc062723c751e8b465ee728b)
Start importing Assets/Textures/DiningRoom/Chair_Normals.tif using Guid(610c98ad363f4f94da068b2f4f743cb2) Importer(815301076,1909f56bfc062723c751e8b465ee728b)  -> (artifact id: '4527629ef31586773dc097b048625a81') in 0.024022 seconds
  Import took 0.026744 seconds .

========================================================================
Received Import Request.
  Time since last request: 0.000171 seconds.
  path: Assets/Textures/DiningRoom/Chair_Occlusion.tif
  artifactKey: Guid(25b06585b03a2d04186cd8b4f92ccc71) Importer(815301076,1909f56bfc062723c751e8b465ee728b)
Start importing Assets/Textures/DiningRoom/Chair_Occlusion.tif using Guid(25b06585b03a2d04186cd8b4f92ccc71) Importer(815301076,1909f56bfc062723c751e8b465ee728b)  -> (artifact id: 'f84912be05c1424581b1fcf2a4423429') in 0.012804 seconds
  Import took 0.015595 seconds .

========================================================================
Received Import Request.
  Time since last request: 0.000192 seconds.
  path: Assets/Textures/DiningRoom/Chair_Normals.tif
  artifactKey: Guid(610c98ad363f4f94da068b2f4f743cb2) Importer(815301076,1909f56bfc062723c751e8b465ee728b)
Start importing Assets/Textures/DiningRoom/Chair_Normals.tif using Guid(610c98ad363f4f94da068b2f4f743cb2) Importer(815301076,1909f56bfc062723c751e8b465ee728b)  -> (artifact id: '4527629ef31586773dc097b048625a81') in 0.012346 seconds
  Import took 0.014728 seconds .

========================================================================
Received Import Request.
  Time since last request: 0.034262 seconds.
  path: Assets/Textures/DiningRoom/Clock_Albedo.tif
  artifactKey: Guid(efe1f09805965e647a2bec8250b72349) Importer(815301076,1909f56bfc062723c751e8b465ee728b)
Start importing Assets/Textures/DiningRoom/Clock_Albedo.tif using Guid(efe1f09805965e647a2bec8250b72349) Importer(815301076,1909f56bfc062723c751e8b465ee728b)  -> (artifact id: 'fc2308196cb9eb094acf47f79a950b4d') in 0.012063 seconds
  Import took 0.014470 seconds .

========================================================================
Received Import Request.
  Time since last request: 0.000160 seconds.
  path: Assets/Textures/DiningRoom/Clock_MetallicSmooth.tif
  artifactKey: Guid(18814287f2e3240419c37dd2a9abf1c4) Importer(815301076,1909f56bfc062723c751e8b465ee728b)
Start importing Assets/Textures/DiningRoom/Clock_MetallicSmooth.tif using Guid(18814287f2e3240419c37dd2a9abf1c4) Importer(815301076,1909f56bfc062723c751e8b465ee728b)  -> (artifact id: '930ac3e9c6c40c81fe28294ca5cd2298') in 0.018056 seconds
  Import took 0.020572 seconds .

========================================================================
Received Import Request.
  Time since last request: 1.280761 seconds.
  path: Assets/Textures/DiningRoom/Clock_Normal.tif
  artifactKey: Guid(faaba07ca4daae24f88790e6c5e1e109) Importer(815301076,1909f56bfc062723c751e8b465ee728b)
Start importing Assets/Textures/DiningRoom/Clock_Normal.tif using Guid(faaba07ca4daae24f88790e6c5e1e109) Importer(815301076,1909f56bfc062723c751e8b465ee728b)  -> (artifact id: 'a86c4dd7b2d468f30efa0523b44d286e') in 0.014224 seconds
  Import took 0.017069 seconds .

========================================================================
Received Import Request.
  Time since last request: 0.000286 seconds.
  path: Assets/Textures/DiningRoom/Clock_Occlusion.tif
  artifactKey: Guid(d47ff02a1774eaa4595a12e60aff2199) Importer(815301076,1909f56bfc062723c751e8b465ee728b)
Start importing Assets/Textures/DiningRoom/Clock_Occlusion.tif using Guid(d47ff02a1774eaa4595a12e60aff2199) Importer(815301076,1909f56bfc062723c751e8b465ee728b)  -> (artifact id: 'a7978a0d118be72bb6f2c836a0b3bc3b') in 0.014791 seconds
  Import took 0.016887 seconds .

========================================================================
Received Import Request.
  Time since last request: 0.125792 seconds.
  path: Assets/Gizmos/Cinemachine/cm_logo_lg.png
  artifactKey: Guid(d0ceea9f3e3fc1d4e8656992705ebec1) Importer(815301076,1909f56bfc062723c751e8b465ee728b)
Start importing Assets/Gizmos/Cinemachine/cm_logo_lg.png using Guid(d0ceea9f3e3fc1d4e8656992705ebec1) Importer(815301076,1909f56bfc062723c751e8b465ee728b)  -> (artifact id: 'de9794ad240b2453ab8501d87e7c8180') in 0.050717 seconds
  Import took 0.053483 seconds .

========================================================================
Received Import Request.
  Time since last request: 0.000197 seconds.
  path: Assets/Textures/DiningRoom/Cthulhu_Lamp_Albedo.tif
  artifactKey: Guid(6c90b46487020c3469499200b000cdb8) Importer(815301076,1909f56bfc062723c751e8b465ee728b)
Start importing Assets/Textures/DiningRoom/Cthulhu_Lamp_Albedo.tif using Guid(6c90b46487020c3469499200b000cdb8) Importer(815301076,1909f56bfc062723c751e8b465ee728b)  -> (artifact id: 'e74da4416005a097f47d3dd4ced429c0') in 0.014083 seconds
  Import took 0.016116 seconds .

========================================================================
Received Import Request.
  Time since last request: 0.000202 seconds.
  path: Assets/Gizmos/Cinemachine/cm_logo_lg.png
  artifactKey: Guid(d0ceea9f3e3fc1d4e8656992705ebec1) Importer(815301076,1909f56bfc062723c751e8b465ee728b)
Start importing Assets/Gizmos/Cinemachine/cm_logo_lg.png using Guid(d0ceea9f3e3fc1d4e8656992705ebec1) Importer(815301076,1909f56bfc062723c751e8b465ee728b)  -> (artifact id: 'de9794ad240b2453ab8501d87e7c8180') in 0.008842 seconds
  Import took 0.011049 seconds .

========================================================================
Received Import Request.
  Time since last request: 0.326061 seconds.
  path: Assets/Textures/DiningRoom/Cthulhu_Lamp_MetallicSmooth.tif
  artifactKey: Guid(3b798118871b23b448abd87d74d29af9) Importer(815301076,1909f56bfc062723c751e8b465ee728b)
Start importing Assets/Textures/DiningRoom/Cthulhu_Lamp_MetallicSmooth.tif using Guid(3b798118871b23b448abd87d74d29af9) Importer(815301076,1909f56bfc062723c751e8b465ee728b)  -> (artifact id: 'ff68a4ee533eb9ba3e8964a22c494904') in 0.023903 seconds
  Import took 0.027162 seconds .

========================================================================
Received Import Request.
  Time since last request: 0.000213 seconds.
  path: Assets/Textures/DiningRoom/Cthulhu_Lamp_Normal.tif
  artifactKey: Guid(8bf179a14d694db4cacb3a54934ee81f) Importer(815301076,1909f56bfc062723c751e8b465ee728b)
Start importing Assets/Textures/DiningRoom/Cthulhu_Lamp_Normal.tif using Guid(8bf179a14d694db4cacb3a54934ee81f) Importer(815301076,1909f56bfc062723c751e8b465ee728b)  -> (artifact id: '93d1774460f97f566f7cd1ad17e7b2f6') in 0.016958 seconds
  Import took 0.019930 seconds .

========================================================================
Received Import Request.
  Time since last request: 0.000225 seconds.
  path: Assets/Textures/DiningRoom/Cthulhu_Lamp_Occlusion.tif
  artifactKey: Guid(3fc488c9331779b4cb4179823da675a3) Importer(815301076,1909f56bfc062723c751e8b465ee728b)
Start importing Assets/Textures/DiningRoom/Cthulhu_Lamp_Occlusion.tif using Guid(3fc488c9331779b4cb4179823da675a3) Importer(815301076,1909f56bfc062723c751e8b465ee728b)  -> (artifact id: '11cca5a2ee770fcab029c54f2da2cfcd') in 0.018232 seconds
  Import took 0.021031 seconds .

========================================================================
Received Import Request.
  Time since last request: 0.000222 seconds.
  path: Assets/Textures/Corridor/DoorPost_Albedo.tif
  artifactKey: Guid(09fbe434f49e3d14db90d6bcc8ab8383) Importer(815301076,1909f56bfc062723c751e8b465ee728b)
Start importing Assets/Textures/Corridor/DoorPost_Albedo.tif using Guid(09fbe434f49e3d14db90d6bcc8ab8383) Importer(815301076,1909f56bfc062723c751e8b465ee728b)  -> (artifact id: 'a94948dd23c351e71f5c04fede3d514a') in 0.016677 seconds
  Import took 0.019037 seconds .

========================================================================
Received Import Request.
  Time since last request: 0.031350 seconds.
  path: Assets/Textures/Corridor/DoorPost_MetallicSmooth.tif
  artifactKey: Guid(d87c5e66b380a074fa2264fd4da58aa6) Importer(815301076,1909f56bfc062723c751e8b465ee728b)
Start importing Assets/Textures/Corridor/DoorPost_MetallicSmooth.tif using Guid(d87c5e66b380a074fa2264fd4da58aa6) Importer(815301076,1909f56bfc062723c751e8b465ee728b)  -> (artifact id: 'e9954a279dde4cade604b0a438c8bd9a') in 0.014869 seconds
  Import took 0.017471 seconds .

========================================================================
Received Import Request.
  Time since last request: 0.000199 seconds.
  path: Assets/Textures/Corridor/DoorPost_Normal.tif
  artifactKey: Guid(a2d1d6cc4343c544394bbc5abd74dff9) Importer(815301076,1909f56bfc062723c751e8b465ee728b)
Start importing Assets/Textures/Corridor/DoorPost_Normal.tif using Guid(a2d1d6cc4343c544394bbc5abd74dff9) Importer(815301076,1909f56bfc062723c751e8b465ee728b)  -> (artifact id: '493a79cd59cb0b303ea9a276f5c0a7d1') in 0.019266 seconds
  Import took 0.021738 seconds .

========================================================================
Received Import Request.
  Time since last request: 0.847929 seconds.
  path: Assets/Textures/Corridor/DoorPost_Occlusion.tif
  artifactKey: Guid(71b186b931fdc274dbeaeb7eb4039366) Importer(815301076,1909f56bfc062723c751e8b465ee728b)
Start importing Assets/Textures/Corridor/DoorPost_Occlusion.tif using Guid(71b186b931fdc274dbeaeb7eb4039366) Importer(815301076,1909f56bfc062723c751e8b465ee728b)  -> (artifact id: '9184a2cae1f2802c869256588d49b331') in 0.020990 seconds
  Import took 0.024495 seconds .

========================================================================
Received Import Request.
  Time since last request: 0.196210 seconds.
  path: Assets/Textures/DiningRoom/Fireplace_Albedo.tif
  artifactKey: Guid(cba74aeb906dde146ae03b6b66e6ab46) Importer(815301076,1909f56bfc062723c751e8b465ee728b)
Start importing Assets/Textures/DiningRoom/Fireplace_Albedo.tif using Guid(cba74aeb906dde146ae03b6b66e6ab46) Importer(815301076,1909f56bfc062723c751e8b465ee728b)  -> (artifact id: 'a713ae4b5d3737098121bc86bd6f0d96') in 0.013435 seconds
  Import took 0.016014 seconds .

========================================================================
Received Import Request.
  Time since last request: 0.000148 seconds.
  path: Assets/Textures/DiningRoom/Fireplace_MetallicSmooth.tif
  artifactKey: Guid(f632a9c02b56d5c45befbcf4bb4176aa) Importer(815301076,1909f56bfc062723c751e8b465ee728b)
Start importing Assets/Textures/DiningRoom/Fireplace_MetallicSmooth.tif using Guid(f632a9c02b56d5c45befbcf4bb4176aa) Importer(815301076,1909f56bfc062723c751e8b465ee728b)  -> (artifact id: '456cecb91e4934c80cdd2f182a0a868d') in 0.014417 seconds
  Import took 0.017314 seconds .

========================================================================
Received Import Request.
  Time since last request: 0.000209 seconds.
  path: Assets/Textures/DiningRoom/Fireplace_Albedo.tif
  artifactKey: Guid(cba74aeb906dde146ae03b6b66e6ab46) Importer(815301076,1909f56bfc062723c751e8b465ee728b)
Start importing Assets/Textures/DiningRoom/Fireplace_Albedo.tif using Guid(cba74aeb906dde146ae03b6b66e6ab46) Importer(815301076,1909f56bfc062723c751e8b465ee728b)  -> (artifact id: 'a713ae4b5d3737098121bc86bd6f0d96') in 0.010842 seconds
  Import took 0.013103 seconds .

========================================================================
Received Import Request.
  Time since last request: 0.443217 seconds.
  path: Assets/Textures/DiningRoom/Fireplace_Normal.tif
  artifactKey: Guid(213c09988023fa74986a1bc0b4d38103) Importer(815301076,1909f56bfc062723c751e8b465ee728b)
Start importing Assets/Textures/DiningRoom/Fireplace_Normal.tif using Guid(213c09988023fa74986a1bc0b4d38103) Importer(815301076,1909f56bfc062723c751e8b465ee728b)  -> (artifact id: '3d594a7b8b6e63904c1c468ba5945156') in 0.017054 seconds
  Import took 0.020571 seconds .

========================================================================
Received Import Request.
  Time since last request: 0.000281 seconds.
  path: Assets/Textures/DiningRoom/Fireplace_Occlusion.tif
  artifactKey: Guid(8d729759afba04b47b3d471f834893af) Importer(815301076,1909f56bfc062723c751e8b465ee728b)
Start importing Assets/Textures/DiningRoom/Fireplace_Occlusion.tif using Guid(8d729759afba04b47b3d471f834893af) Importer(815301076,1909f56bfc062723c751e8b465ee728b)  -> (artifact id: 'b8319992a4c92d5f9399414ccf98ad54') in 0.014292 seconds
  Import took 0.018147 seconds .

========================================================================
Received Import Request.
  Time since last request: 0.258753 seconds.
  path: Assets/Textures/BathRoom/Floor_Bathroom_Albedo.tif
  artifactKey: Guid(a8a10e9b4ea6b8846bfbf2f2f131c5c9) Importer(815301076,1909f56bfc062723c751e8b465ee728b)
Start importing Assets/Textures/BathRoom/Floor_Bathroom_Albedo.tif using Guid(a8a10e9b4ea6b8846bfbf2f2f131c5c9) Importer(815301076,1909f56bfc062723c751e8b465ee728b)  -> (artifact id: '6791082cf27dfb190bbd1c9db70feacc') in 0.026736 seconds
  Import took 0.030413 seconds .

========================================================================
Received Import Request.
  Time since last request: 0.000285 seconds.
  path: Assets/Textures/BathRoom/Floor_Bathroom_MetallicSmooth.tif
  artifactKey: Guid(9b75a955ca7b6b84babaa891e2ca217f) Importer(815301076,1909f56bfc062723c751e8b465ee728b)
Start importing Assets/Textures/BathRoom/Floor_Bathroom_MetallicSmooth.tif using Guid(9b75a955ca7b6b84babaa891e2ca217f) Importer(815301076,1909f56bfc062723c751e8b465ee728b)  -> (artifact id: '6e978d78b0118b1c1ba184ad6c26a02b') in 0.017698 seconds
  Import took 0.020859 seconds .

========================================================================
Received Import Request.
  Time since last request: 0.000215 seconds.
  path: Assets/Textures/BathRoom/Floor_Bathroom_Gloss.tif
  artifactKey: Guid(7aac3d8b683cb714a8401a466f41f189) Importer(815301076,1909f56bfc062723c751e8b465ee728b)
Start importing Assets/Textures/BathRoom/Floor_Bathroom_Gloss.tif using Guid(7aac3d8b683cb714a8401a466f41f189) Importer(815301076,1909f56bfc062723c751e8b465ee728b)  -> (artifact id: '7e3431d2315bd16d4c08226db884c36c') in 0.030280 seconds
  Import took 0.033139 seconds .

========================================================================
Received Import Request.
  Time since last request: 0.000326 seconds.
  path: Assets/Textures/BathRoom/Floor_Bathroom_Normal.tif
  artifactKey: Guid(d028a69709938384faa0084792e6973c) Importer(815301076,1909f56bfc062723c751e8b465ee728b)
Start importing Assets/Textures/BathRoom/Floor_Bathroom_Normal.tif using Guid(d028a69709938384faa0084792e6973c) Importer(815301076,1909f56bfc062723c751e8b465ee728b)  -> (artifact id: '2426ce53062ede3026b6431e831770d6') in 0.018580 seconds
  Import took 0.020632 seconds .

========================================================================
Received Import Request.
  Time since last request: 0.005145 seconds.
  path: Assets/Textures/BathRoom/Floor_Bathroom_Occlusion.tif
  artifactKey: Guid(dc3be8bea457db34987416330563d54a) Importer(815301076,1909f56bfc062723c751e8b465ee728b)
Start importing Assets/Textures/BathRoom/Floor_Bathroom_Occlusion.tif using Guid(dc3be8bea457db34987416330563d54a) Importer(815301076,1909f56bfc062723c751e8b465ee728b)  -> (artifact id: '2c71f2f55acae14ba3252c2d5d0836dd') in 0.020488 seconds
  Import took 0.022720 seconds .

========================================================================
Received Import Request.
  Time since last request: 0.000228 seconds.
  path: Assets/Textures/BedRoom/Floor_Bedroom_Albedo.tif
  artifactKey: Guid(56c954657cc3f50449a5c668ebf4b18c) Importer(815301076,1909f56bfc062723c751e8b465ee728b)
Start importing Assets/Textures/BedRoom/Floor_Bedroom_Albedo.tif using Guid(56c954657cc3f50449a5c668ebf4b18c) Importer(815301076,1909f56bfc062723c751e8b465ee728b)  -> (artifact id: '79319102e79d241ef3a9b55f517c1c8f') in 0.044802 seconds
  Import took 0.047604 seconds .

========================================================================
Received Import Request.
  Time since last request: 0.683839 seconds.
  path: Assets/Textures/BedRoom/Floor_Bedroom_MetallicSmooth.tif
  artifactKey: Guid(0d1789fa8719b394dac85ee60356bb9c) Importer(815301076,1909f56bfc062723c751e8b465ee728b)
Start importing Assets/Textures/BedRoom/Floor_Bedroom_MetallicSmooth.tif using Guid(0d1789fa8719b394dac85ee60356bb9c) Importer(815301076,1909f56bfc062723c751e8b465ee728b)  -> (artifact id: 'cd193ecc3f0ce3a394acc01b8b122c0e') in 0.023388 seconds
  Import took 0.026884 seconds .

========================================================================
Received Import Request.
  Time since last request: 0.000220 seconds.
  path: Assets/Textures/BedRoom/Floor_Bedroom_Normal.tif
  artifactKey: Guid(08c9198dcd6c19e459e53914775ecbba) Importer(815301076,1909f56bfc062723c751e8b465ee728b)
Start importing Assets/Textures/BedRoom/Floor_Bedroom_Normal.tif using Guid(08c9198dcd6c19e459e53914775ecbba) Importer(815301076,1909f56bfc062723c751e8b465ee728b)  -> (artifact id: 'c74f91eac8e25073814d11c3c73cb88d') in 0.024379 seconds
  Import took 0.027163 seconds .

========================================================================
Received Import Request.
  Time since last request: 0.284124 seconds.
  path: Assets/Textures/BedRoom/Floor_Bedroom_Occlusion.tif
  artifactKey: Guid(6a72bdf27ba4ba14ebcc99cbd89cf631) Importer(815301076,1909f56bfc062723c751e8b465ee728b)
Start importing Assets/Textures/BedRoom/Floor_Bedroom_Occlusion.tif using Guid(6a72bdf27ba4ba14ebcc99cbd89cf631) Importer(815301076,1909f56bfc062723c751e8b465ee728b)  -> (artifact id: 'df7c5712daad8b232002521f5613fc25') in 0.014560 seconds
  Import took 0.018244 seconds .

========================================================================
Received Import Request.
  Time since last request: 0.000279 seconds.
  path: Assets/Textures/Corridor/Floor_Corridor_Albedo.tif
  artifactKey: Guid(f5ff39d7903508740a7f4625ca6d8deb) Importer(815301076,1909f56bfc062723c751e8b465ee728b)
Start importing Assets/Textures/Corridor/Floor_Corridor_Albedo.tif using Guid(f5ff39d7903508740a7f4625ca6d8deb) Importer(815301076,1909f56bfc062723c751e8b465ee728b)  -> (artifact id: 'c0e4f6ff1283f7dd7755fbcac5efedf2') in 0.016113 seconds
  Import took 0.018215 seconds .

========================================================================
Received Import Request.
  Time since last request: 0.000252 seconds.
  path: Assets/Textures/BedRoom/Floor_Bedroom_Occlusion.tif
  artifactKey: Guid(6a72bdf27ba4ba14ebcc99cbd89cf631) Importer(815301076,1909f56bfc062723c751e8b465ee728b)
Start importing Assets/Textures/BedRoom/Floor_Bedroom_Occlusion.tif using Guid(6a72bdf27ba4ba14ebcc99cbd89cf631) Importer(815301076,1909f56bfc062723c751e8b465ee728b)  -> (artifact id: 'df7c5712daad8b232002521f5613fc25') in 0.011233 seconds
  Import took 0.013516 seconds .

========================================================================
Received Import Request.
  Time since last request: 0.000231 seconds.
  path: Assets/Textures/Corridor/Floor_Corridor_Normal.tif
  artifactKey: Guid(1dc04ec508d282843970c5096c883ac9) Importer(815301076,1909f56bfc062723c751e8b465ee728b)
Start importing Assets/Textures/Corridor/Floor_Corridor_Normal.tif using Guid(1dc04ec508d282843970c5096c883ac9) Importer(815301076,1909f56bfc062723c751e8b465ee728b)  -> (artifact id: '8c7475ad0f7a60ad2d49f829c543e065') in 0.015489 seconds
  Import took 0.018017 seconds .

========================================================================
Received Import Request.
  Time since last request: 0.000214 seconds.
  path: Assets/Textures/Corridor/Floor_Corridor_MetallicSmooth.tif
  artifactKey: Guid(ca6d89227d3939240a158a5fde973920) Importer(815301076,1909f56bfc062723c751e8b465ee728b)
Start importing Assets/Textures/Corridor/Floor_Corridor_MetallicSmooth.tif using Guid(ca6d89227d3939240a158a5fde973920) Importer(815301076,1909f56bfc062723c751e8b465ee728b)  -> (artifact id: '8b21fb0eaec1db324937fe0cfe260cbb') in 0.014149 seconds
  Import took 0.017005 seconds .

========================================================================
Received Import Request.
  Time since last request: 0.001829 seconds.
  path: Assets/Textures/Corridor/Floor_Corridor_Occlusion.tif
  artifactKey: Guid(19dbd5766a358144d94e26ebae51f186) Importer(815301076,1909f56bfc062723c751e8b465ee728b)
Start importing Assets/Textures/Corridor/Floor_Corridor_Occlusion.tif using Guid(19dbd5766a358144d94e26ebae51f186) Importer(815301076,1909f56bfc062723c751e8b465ee728b)  -> (artifact id: '0aca7004d23ca2681692696353b9e7ff') in 0.013337 seconds
  Import took 0.016191 seconds .

========================================================================
Received Import Request.
  Time since last request: 0.000160 seconds.
  path: Assets/Textures/DiningRoom/Floor_Diningroom_Albedo.tif
  artifactKey: Guid(daabdafdc2d4a3b4b820f224213f0035) Importer(815301076,1909f56bfc062723c751e8b465ee728b)
Start importing Assets/Textures/DiningRoom/Floor_Diningroom_Albedo.tif using Guid(daabdafdc2d4a3b4b820f224213f0035) Importer(815301076,1909f56bfc062723c751e8b465ee728b)  -> (artifact id: '2ab9f0fe0a3a9ac4df7b8a5a009804a5') in 0.011797 seconds
  Import took 0.014106 seconds .

========================================================================
Received Import Request.
  Time since last request: 0.000185 seconds.
  path: Assets/Textures/DiningRoom/Floor_Diningroom_Normal.tif
  artifactKey: Guid(bc5dcc79315da614384872c43bc93923) Importer(815301076,1909f56bfc062723c751e8b465ee728b)
Start importing Assets/Textures/DiningRoom/Floor_Diningroom_Normal.tif using Guid(bc5dcc79315da614384872c43bc93923) Importer(815301076,1909f56bfc062723c751e8b465ee728b)  -> (artifact id: 'd73d1b960d61f7f99fa3dde6d6d2673e') in 0.015411 seconds
  Import took 0.017774 seconds .

========================================================================
Received Import Request.
  Time since last request: 0.000206 seconds.
  path: Assets/Textures/DiningRoom/Floor_Diningroom_MetallicSmooth.tif
  artifactKey: Guid(b619d081df43cab4c8bb698f67effe3e) Importer(815301076,1909f56bfc062723c751e8b465ee728b)
Start importing Assets/Textures/DiningRoom/Floor_Diningroom_MetallicSmooth.tif using Guid(b619d081df43cab4c8bb698f67effe3e) Importer(815301076,1909f56bfc062723c751e8b465ee728b)  -> (artifact id: '9ac59de55897a95acfc485ab7cbbf508') in 0.013105 seconds
  Import took 0.016413 seconds .

========================================================================
Received Import Request.
  Time since last request: 0.402134 seconds.
  path: Assets/Textures/DiningRoom/Floor_Diningroom_Occlusion.tif
  artifactKey: Guid(08fd24a9e0dad8740a10ee143dffaa5e) Importer(815301076,1909f56bfc062723c751e8b465ee728b)
Start importing Assets/Textures/DiningRoom/Floor_Diningroom_Occlusion.tif using Guid(08fd24a9e0dad8740a10ee143dffaa5e) Importer(815301076,1909f56bfc062723c751e8b465ee728b)  -> (artifact id: '8bb3a17d8c77d218a67d51350b7bf2fa') in 0.012538 seconds
  Import took 0.014783 seconds .

========================================================================
Received Import Request.
  Time since last request: 0.000243 seconds.
  path: Assets/Textures/Corridor/FramedPicture_MetallicSmooth.tif
  artifactKey: Guid(98129ffddbd9e0644a0cb1b07bd530ec) Importer(815301076,1909f56bfc062723c751e8b465ee728b)
Start importing Assets/Textures/Corridor/FramedPicture_MetallicSmooth.tif using Guid(98129ffddbd9e0644a0cb1b07bd530ec) Importer(815301076,1909f56bfc062723c751e8b465ee728b)  -> (artifact id: 'bc7e012f7f1d744ede2bc23e00578851') in 0.013296 seconds
  Import took 0.015857 seconds .

========================================================================
Received Import Request.
  Time since last request: 0.045379 seconds.
  path: Assets/Textures/Corridor/FramedPicture_Normal.tif
  artifactKey: Guid(9bbe29cc5db8feb4c99e20b58bd94afd) Importer(815301076,1909f56bfc062723c751e8b465ee728b)
Start importing Assets/Textures/Corridor/FramedPicture_Normal.tif using Guid(9bbe29cc5db8feb4c99e20b58bd94afd) Importer(815301076,1909f56bfc062723c751e8b465ee728b)  -> (artifact id: '6c4bfdd4aca4c4ffe88a7b9b979aadd7') in 0.018423 seconds
  Import took 0.020987 seconds .

========================================================================
Received Import Request.
  Time since last request: 0.000183 seconds.
  path: Assets/Textures/Corridor/FramedPicture_Occlusion.tif
  artifactKey: Guid(8cf5d7fc034b58d4aaab39e5037b538b) Importer(815301076,1909f56bfc062723c751e8b465ee728b)
Start importing Assets/Textures/Corridor/FramedPicture_Occlusion.tif using Guid(8cf5d7fc034b58d4aaab39e5037b538b) Importer(815301076,1909f56bfc062723c751e8b465ee728b)  -> (artifact id: 'c1b39a8cbca18ecc511a8292fb8a6ef8') in 0.021080 seconds
  Import took 0.024493 seconds .

========================================================================
Received Import Request.
  Time since last request: 0.000243 seconds.
  path: Assets/Textures/Corridor/FramedPicture_Normal.tif
  artifactKey: Guid(9bbe29cc5db8feb4c99e20b58bd94afd) Importer(815301076,1909f56bfc062723c751e8b465ee728b)
Start importing Assets/Textures/Corridor/FramedPicture_Normal.tif using Guid(9bbe29cc5db8feb4c99e20b58bd94afd) Importer(815301076,1909f56bfc062723c751e8b465ee728b)  -> (artifact id: '6c4bfdd4aca4c4ffe88a7b9b979aadd7') in 0.013005 seconds
  Import took 0.015684 seconds .

========================================================================
Received Prepare
Refreshing native plugins compatible for Editor in 0.75 ms, found 0 plugins.
Preloading 0 native plugins for Editor in 0.00 ms.
Unloading 3 Unused Serialized files (Serialized files now loaded: 0)
System memory in use before: 119.7 MB.
System memory in use after: 119.8 MB.

Unloading 3 unused Assets to reduce memory usage. Loaded Objects now: 1897.
Total: 1.976200 ms (FindLiveObjects: 0.174800 ms CreateObjectMapping: 0.046600 ms MarkObjects: 1.660500 ms  DeleteObjects: 0.093400 ms)

AssetImportWorkerClient::OnTransportError - code=2 error=End of file
